p/ambulance_Diepenbrock_121317.jpg 1 0 0 5184 3456
p/Ford_Transit_ambulance.jpg 1 0 0 1908 1236
p/ambulancevictoria-180523-1359-100827338-large.3x2.jpg 1 0 0 1200 800
p/1678770349619.jpg 1 0 0 1200 900
p/ambulance.jpg 1 0 0 1200 650
p/Brighter-Ambulance.png 1 0 0 2100 1321
p/20143110_ambulance_st.jpg 1 0 0 1200 781
p/fffa47ab176bec40a9259a0d18fd0b48.jpg 1 0 0 1600 1200
p/foton_transvan_hr_ambulance.jpg 1 0 0 1200 800
p/London_ambulance_c_LIVINUS.jpg 1 0 0 1500 929
p/c9cb8536902009f083195ef174012262.jpg 1 0 0 1600 1200
p/wgdPkOl.jpg 1 0 0 1600 1200
p/160818-ambulance-2.jpg 1 0 0 1500 1000
p/ambulance-780x500.jpeg 1 0 0 780 500
p/909612_f1024.jpg 1 0 0 1200 927
p/london_ambulance_nhs_england_emergency_dispatch_wikipedia-1.jpg 1 0 0 1089 655
p/20dd74b10286dd0387a7151318b56388.jpg 1 0 0 2048 1536
p/mxp150-fire.jpg 1 0 0 1900 1266
p/LAS01-1024x684.jpg 1 0 0 1024 684
p/003-Ambulance-white.jpg 1 0 0 1067 800
p/ambulance.png 1 0 0 1156 867
p/London-Air-Ambulance-2.jpg 1 0 0 5760 3840
p/East_of_England_emergency_ambulance-1024x768.jpg 1 0 0 1024 768
p/Unknown-1.jpeg 1 0 0 1508 970
p/48127ebd-ee78-4599-bea0-2d25e5fe5904.jpg 1 0 0 1000 750
p/ambulances-hospital.jpg 1 0 0 1200 795
p/4455.jpg 1 0 0 1400 992
p/purepng.com-ambulanceambulanceinjured-peoplefor-an-illness-or-injuryhospital-medicalambulances-1701527405297afoep.png 1 0 0 2053 1422
p/PC0P1ARITIR5WTOTEVZ8.jpg 1 0 0 1317 1080
p/sd-me-ambulance-insurance-20171103.jpg 1 0 0 2000 1125
p/9599212a-5be2-4a13-a2a5-5ad10a1c1f57.jpg 1 0 0 2000 1333
p/Unknown-1306x840.jpeg 1 0 0 1306 840
p/1920px-2016_Fiat_Ducato_42_Maxi_West_Midlands_Ambulance_Service_3.0.jpg 1 0 0 1920 1062
p/ambulance-4.jpg 1 0 0 2048 1536
p/IMG_08366_(1).jpg 1 0 0 4032 3024
p/Mercedes-Sprinter-Ambulance-ASM-A.jpg 1 0 0 3008 2000
p/12828-an-ambulance-parked-on-the-grass-pv.jpg 1 0 0 958 766
p/LAS01-1.jpg 1 0 0 1200 801
p/Ambulance-Services-Pre-Hospital-Emergency-Care-1-scaled-1.jpg 1 0 0 2560 1440
p/46257181_l.jpg 1 0 0 2315 1305
p/4f03a839-ea33-4daa-b89b-1a8b164edac7.jpg 1 0 0 3000 2000
p/P1190373-scaled.jpg 1 0 0 2560 1922
p/Ambulances-Getty.jpg 1 0 0 2048 1536
p/433-scaled.jpg 1 0 0 2560 1707
p/1678770349635.jpg 1 0 0 4000 3000
p/NINTCHDBPICT000199486981-1.jpg 1 0 0 1200 800
p/swast_ambulance.jpg 1 0 0 1540 940
p/London-Emergency-Ambulance-000093224663_LargeCROP.jpg 1 0 0 2359 1305
p/d70rtd_web.jpg 1 0 0 1200 800
p/P1190458-scaled.jpg 1 0 0 2560 1922
p/B8fOboI.jpg 1 0 0 1600 1200
p/2016-membership-ambulanc-pic.jpg 1 0 0 2822 1772
p/London_Ambulance_at_Abbey_Road.jpg 1 0 0 3648 2736
p/Vehicle-Photo.jpg 1 0 0 1642 1095
p/East_of_England_emergency_ambulance.jpg 1 0 0 3648 2736
p/south-western-ambulance.jpg 1 0 0 1280 1038
p/EMT.jpg 1 0 0 1599 1046
p/img.jpg 1 0 0 3826 2152